<?xml version="1.0" encoding="UTF-8"?>
<!-- Generated by org.testng.reporters.JUnitXMLReporter -->
<testsuite hostname="MLDCSRGEOD01-VM" ignored="0" name="COS106_MonitorBookings" tests="1" failures="1" timestamp="30 Jun 2020 14:38:21 GMT" time="29.926" errors="0">
  <testcase name="MonitorBookings" time="29.871" classname="com.cosac.TestCases.COS106_MonitorBookings">
    <failure type="java.lang.NullPointerException">
      <![CDATA[java.lang.NullPointerException
at com.cosac.TestCases.COS106_MonitorBookings.MonitorBookings(COS106_MonitorBookings.java:134)
... Removed 25 stack frames]]>
    </failure>
  </testcase> <!-- MonitorBookings -->
</testsuite> <!-- COS106_MonitorBookings -->
