<?xml version="1.0" encoding="UTF-8"?>
<!-- Generated by org.testng.reporters.JUnitXMLReporter -->
<testsuite hostname="MLDCSRGEOD01-VM" ignored="0" name="COS28_CashierTotalingProcess" tests="1" failures="1" timestamp="03 Jul 2020 14:59:02 GMT" time="144.519" errors="0">
  <testcase name="Client" time="144.486" classname="com.cosac.TestCases.COS28_CashierTotalingProcess">
    <failure type="java.lang.NullPointerException">
      <![CDATA[java.lang.NullPointerException
at com.cosac.TestCases.COS28_CashierTotalingProcess.Client(COS28_CashierTotalingProcess.java:322)
... Removed 25 stack frames]]>
    </failure>
  </testcase> <!-- Client -->
</testsuite> <!-- COS28_CashierTotalingProcess -->
