<?xml version="1.0" encoding="UTF-8"?>
<!-- Generated by org.testng.reporters.JUnitXMLReporter -->
<testsuite hostname="MLDCSRGEOD01-VM" ignored="0" name="COS89_CodeMaintenance" tests="2" failures="0" timestamp="02 Jul 2020 14:48:07 GMT" time="405.147" errors="0">
  <testcase name="customizeFields" time="393.11" classname="com.cosac.TestCases.COS89_CodeMaintenance"/>
  <testcase name="validateCodeMaintnce" time="12.004" classname="com.cosac.TestCases.COS89_CodeMaintenance"/>
</testsuite> <!-- COS89_CodeMaintenance -->
