<?xml version="1.0" encoding="UTF-8"?>
<!-- Generated by org.testng.reporters.JUnitXMLReporter -->
<testsuite hostname="OCI-RITSQJMTST" ignored="0" name="COS21_CustomerPickUp" tests="2" failures="0" timestamp="28 Sep 2020 11:01:06 GMT" time="252.476" errors="0">
  <testcase name="Client" time="238.622" classname="com.cosac.TestCases.COS21_CustomerPickUp"/>
  <testcase name="custPickup" time="13.788" classname="com.cosac.TestCases.COS21_CustomerPickUp"/>
</testsuite> <!-- COS21_CustomerPickUp -->
