<?xml version="1.0" encoding="UTF-8"?>
<!-- Generated by org.testng.reporters.JUnitXMLReporter -->
<testsuite hostname="OCI-RITSQJMTST" ignored="0" name="COS28_CashierTotalingProcess" tests="1" failures="1" timestamp="27 Sep 2020 07:27:11 GMT" time="264.086" errors="0">
  <testcase name="Client" time="264.026" classname="com.cosac.TestCases.COS28_CashierTotalingProcess">
    <failure type="java.lang.NullPointerException">
      <![CDATA[java.lang.NullPointerException
at com.cosac.TestCases.COS28_CashierTotalingProcess.Client(COS28_CashierTotalingProcess.java:433)
... Removed 25 stack frames]]>
    </failure>
  </testcase> <!-- Client -->
</testsuite> <!-- COS28_CashierTotalingProcess -->
