<?xml version="1.0" encoding="UTF-8"?>
<!-- Generated by org.testng.reporters.JUnitXMLReporter -->
<testsuite hostname="OCI-RITSQJMTST" ignored="0" name="COS67_SystemConfiguration_CountryMaintenance" tests="3" failures="1" timestamp="27 Sep 2020 12:30:23 GMT" time="35.551" errors="0">
  <testcase name="Client" time="27.313" classname="com.cosac.TestCases.COS67_SystemConfiguration_CountryMaintenance"/>
  <testcase name="LineItems" time="8.172" classname="com.cosac.TestCases.COS67_SystemConfiguration_CountryMaintenance">
    <failure type="java.lang.NullPointerException">
      <![CDATA[java.lang.NullPointerException
at com.cosac.PageObject.Library$Interaction.closeCosacClient(Library.java:69)
at com.cosac.TestCases.COS67_SystemConfiguration_CountryMaintenance.LineItems(COS67_SystemConfiguration_CountryMaintenance.java:215)
... Removed 25 stack frames]]>
    </failure>
  </testcase> <!-- LineItems -->
  <testcase name="ExpDelivery" time="0.001" classname="com.cosac.TestCases.COS67_SystemConfiguration_CountryMaintenance">
    <skipped/>
  </testcase> <!-- ExpDelivery -->
</testsuite> <!-- COS67_SystemConfiguration_CountryMaintenance -->
