<?xml version="1.0" encoding="UTF-8"?>
<!-- Generated by org.testng.reporters.JUnitXMLReporter -->
<testsuite hostname="OCI-RITSQJMTST" ignored="0" name="COS89_CodeMaintenance" tests="2" failures="1" timestamp="27 Sep 2020 13:08:24 GMT" time="39.406" errors="0">
  <testcase name="customizeFields" time="27.336" classname="com.cosac.TestCases.COS89_CodeMaintenance">
    <failure type="java.lang.NullPointerException">
      <![CDATA[java.lang.NullPointerException
at com.cosac.TestCases.COS89_CodeMaintenance.customizeFields(COS89_CodeMaintenance.java:35)
... Removed 25 stack frames]]>
    </failure>
  </testcase> <!-- customizeFields -->
  <testcase name="validateCodeMaintnce" time="12.005" classname="com.cosac.TestCases.COS89_CodeMaintenance"/>
</testsuite> <!-- COS89_CodeMaintenance -->
