<?xml version="1.0" encoding="UTF-8"?>
<testng-results skipped="0" failed="0" ignored="0" total="1" passed="1">
  <reporter-output>
  </reporter-output>
  <suite name="COSAC_CLIENT_AUTOMATION" duration-ms="259331" started-at="2020-09-28T16:40:06Z" finished-at="2020-09-28T16:44:26Z">
    <groups>
    </groups>
    <test name="COS24_NewCustomerCASH" duration-ms="259331" started-at="2020-09-28T16:40:06Z" finished-at="2020-09-28T16:44:26Z">
      <class name="com.cosac.TestCases.COS24_NewCustomerCASH">
        <test-method status="PASS" signature="Client()[pri:0, instance:com.cosac.TestCases.COS24_NewCustomerCASH@1165b38]" name="Client" duration-ms="259248" started-at="2020-09-28T16:40:06Z" finished-at="2020-09-28T16:44:26Z">
          <reporter-output>
          </reporter-output>
        </test-method> <!-- Client -->
      </class> <!-- com.cosac.TestCases.COS24_NewCustomerCASH -->
    </test> <!-- COS24_NewCustomerCASH -->
  </suite> <!-- COSAC_CLIENT_AUTOMATION -->
</testng-results>
