<?xml version="1.0" encoding="UTF-8"?>
<!-- Generated by org.testng.reporters.JUnitReportReporter -->
<testsuite skipped="0" hostname="OCI-RITSQJMTST" name="com.cosac.TestCases.COS21_CustomerPickUp" tests="2" failures="0" timestamp="28 Sep 2020 11:01:06 GMT" time="252.410" errors="0">
  <testcase name="custPickup" time="13.788" classname="com.cosac.TestCases.COS21_CustomerPickUp"/>
  <testcase name="Client" time="238.622" classname="com.cosac.TestCases.COS21_CustomerPickUp"/>
</testsuite> <!-- com.cosac.TestCases.COS21_CustomerPickUp -->
